2026-02-11 22:29:50,044 - logic - INFO - Logging initialized. Log file: c:\Users\Komal\OneDrive\Desktop\Vibe Coding\Imageprompt_app\logs\imageprompt_app_20260211_222950.log
2026-02-11 22:30:21,195 - logic - INFO - Tavily client initialized successfully
2026-02-11 22:30:21,196 - logic - INFO - Starting trending topics research for: artificial intelligence
2026-02-11 22:30:30,331 - logic - INFO - Found 10 trending topics for: artificial intelligence
2026-02-11 22:30:52,451 - logic - INFO - Researching sources for selected topic: Global AI Adoption in 2025 – AI Economy Institute - Microsoft
2026-02-11 22:30:59,616 - logic - INFO - Found 9 sources for topic: Global AI Adoption in 2025 – AI Economy Institute - Microsoft
2026-02-11 22:30:59,678 - logic - INFO - Generating image prompts for 9 sources
2026-02-11 22:30:59,689 - logic - INFO - Generated 10 prompts for source 2: Global AI Adoption in 2025 A Widening Digital Divide - Actuarial News
2026-02-11 22:30:59,689 - logic - INFO - Generated 10 prompts for source 3: Global AI Adoption in 2025 — AI Economy Institute – Lifeboat News
2026-02-11 22:30:59,689 - logic - INFO - Generated 10 prompts for source 4: Global AI adoption in 2025 - A widening digital divide
2026-02-11 22:30:59,690 - logic - INFO - Generated 10 prompts for source 5: Global AI adoption rose in 2025 but regional gaps widened
2026-02-11 22:30:59,692 - logic - INFO - Generated 10 prompts for source 6: Global AI adoption is growing, and so is the digital divide
2026-02-11 22:30:59,692 - logic - INFO - Generated 10 prompts for source 7: Global AI Use Rises, but Unevenly: Key Takeaways from 2025
2026-02-11 22:30:59,693 - logic - INFO - Generated 10 prompts for source 8: Microsoft: Why the US is Falling Behind in AI Adoption - AI Magazine
2026-02-11 22:30:59,693 - logic - INFO - Generated 10 prompts for source 9: Microsoft - Global AI Adoption in 2025: A Widening Digital Divide
2026-02-11 22:34:01,800 - logic - INFO - Researching sources for selected topic: The 2025 AI Index Report | Stanford HAI
2026-02-11 22:34:08,341 - logic - INFO - Found 10 sources for topic: The 2025 AI Index Report | Stanford HAI
2026-02-11 22:34:08,342 - logic - INFO - Generating image prompts for 10 sources
2026-02-11 22:34:08,343 - logic - INFO - Generated 10 prompts for source 1: Economy | The 2025 AI Index Report | Stanford HAI
2026-02-11 22:34:08,343 - logic - INFO - Generated 10 prompts for source 2: Key findings from Stanford's 2025 AI Index Report - IBM
2026-02-11 22:34:08,344 - logic - INFO - Generated 10 prompts for source 3: Stanford HAI 2025 AI Index Report: 12 Key Takeaways - LinkedIn
2026-02-11 22:34:08,345 - logic - INFO - Generated 10 prompts for source 4: The 2025 AI Index Report | Stanford HAI
2026-02-11 22:34:08,345 - logic - INFO - Generated 10 prompts for source 5: Most-Read: The Stanford HAI Stories that Defined AI in 2025
2026-02-11 22:34:08,346 - logic - INFO - Generated 10 prompts for source 6: AI Index | Stanford HAI
2026-02-11 22:34:08,346 - logic - INFO - Generated 10 prompts for source 7: AI Index Report 2025: A Wake-Up Call for Cybersecurity and Legal ...
2026-02-11 22:34:08,346 - logic - INFO - Generated 10 prompts for source 8: The State of AI 2025: 12 Eye-Opening Graphs - IEEE Spectrum
2026-02-11 22:34:08,347 - logic - INFO - Generated 10 prompts for source 9: [PDF] Artificial Intelligence Index Report 2025 - AWS
2026-02-11 22:34:08,347 - logic - INFO - Generated 10 prompts for source 10: 26-page report on AI (2025) from MIT. Hope this is useful. - Facebook
